<?xml version="1.0" encoding="UTF-8"?>
<testsuite hostname="AmanSinghal-PC" name="com.qa.tests.myFirstClass" tests="4" failures="0" timestamp="25 Oct 2017 07:37:37 GMT" time="0.047" errors="0">
  <testcase name="add" time="0.02" classname="com.qa.tests.myFirstClass"/>
  <testcase name="div" time="0.002" classname="com.qa.tests.myFirstClass"/>
  <testcase name="mul" time="0.001" classname="com.qa.tests.myFirstClass"/>
  <testcase name="sub" time="0.001" classname="com.qa.tests.myFirstClass"/>
</testsuite>
