<?xml version="1.0" encoding="UTF-8"?>
<testsuite hostname="AmanSinghal-PC" name="com.qa.tests.myFirstClass" tests="12" failures="0" timestamp="25 Oct 2017 07:45:17 GMT" time="0.075" errors="0">
  <testcase name="add" time="0.017" classname="com.qa.tests.myFirstClass"/>
  <testcase name="div" time="0.001" classname="com.qa.tests.myFirstClass"/>
  <testcase name="mul" time="0.001" classname="com.qa.tests.myFirstClass"/>
  <testcase name="sub" time="0.001" classname="com.qa.tests.myFirstClass"/>
  <testcase name="add" time="0.001" classname="com.qa.tests.myFirstClass2"/>
  <testcase name="div" time="0.008" classname="com.qa.tests.myFirstClass2"/>
  <testcase name="mul" time="0.001" classname="com.qa.tests.myFirstClass2"/>
  <testcase name="sub" time="0.001" classname="com.qa.tests.myFirstClass2"/>
  <testcase name="add" time="0.002" classname="com.qa.tests.myFirstClass3"/>
  <testcase name="div" time="0.001" classname="com.qa.tests.myFirstClass3"/>
  <testcase name="mul" time="0.001" classname="com.qa.tests.myFirstClass3"/>
  <testcase name="sub" time="0.003" classname="com.qa.tests.myFirstClass3"/>
</testsuite>
