<?xml version="1.0" encoding="UTF-8"?>
<testng-results skipped="0" failed="0" total="12" passed="12">
  <reporter-output>
  </reporter-output>
  <suite name="Suite" duration-ms="33" started-at="2017-10-25T13:16:16Z" finished-at="2017-10-25T13:16:16Z">
    <groups>
    </groups>
    <test name="Test" duration-ms="33" started-at="2017-10-25T13:16:16Z" finished-at="2017-10-25T13:16:16Z">
      <class name="com.qa.tests.myFirstClass2">
        <test-method status="PASS" signature="add()" name="add" duration-ms="1" started-at="2017-10-25T13:16:16Z" finished-at="2017-10-25T13:16:16Z">
        </test-method>
        <test-method status="PASS" signature="div()" name="div" duration-ms="1" started-at="2017-10-25T13:16:16Z" finished-at="2017-10-25T13:16:16Z">
        </test-method>
        <test-method status="PASS" signature="mul()" name="mul" duration-ms="0" started-at="2017-10-25T13:16:16Z" finished-at="2017-10-25T13:16:16Z">
        </test-method>
        <test-method status="PASS" signature="sub()" name="sub" duration-ms="0" started-at="2017-10-25T13:16:16Z" finished-at="2017-10-25T13:16:16Z">
        </test-method>
      </class>
      <class name="com.qa.tests.myFirstClass3">
        <test-method status="PASS" signature="add()" name="add" duration-ms="0" started-at="2017-10-25T13:16:16Z" finished-at="2017-10-25T13:16:16Z">
        </test-method>
        <test-method status="PASS" signature="div()" name="div" duration-ms="0" started-at="2017-10-25T13:16:16Z" finished-at="2017-10-25T13:16:16Z">
        </test-method>
        <test-method status="PASS" signature="mul()" name="mul" duration-ms="1" started-at="2017-10-25T13:16:16Z" finished-at="2017-10-25T13:16:16Z">
        </test-method>
        <test-method status="PASS" signature="sub()" name="sub" duration-ms="0" started-at="2017-10-25T13:16:16Z" finished-at="2017-10-25T13:16:16Z">
        </test-method>
      </class>
      <class name="com.qa.tests.myFirstClass">
        <test-method status="PASS" signature="add()" name="add" duration-ms="12" started-at="2017-10-25T13:16:16Z" finished-at="2017-10-25T13:16:16Z">
        </test-method>
        <test-method status="PASS" signature="mul()" name="mul" duration-ms="0" started-at="2017-10-25T13:16:16Z" finished-at="2017-10-25T13:16:16Z">
        </test-method>
        <test-method status="PASS" signature="div()" name="div" duration-ms="0" started-at="2017-10-25T13:16:16Z" finished-at="2017-10-25T13:16:16Z">
        </test-method>
        <test-method status="PASS" signature="sub()" name="sub" duration-ms="0" started-at="2017-10-25T13:16:16Z" finished-at="2017-10-25T13:16:16Z">
        </test-method>
      </class>
    </test>
  </suite>
</testng-results>
